\BOOKMARK [1][-]{section.1}{\376\377\000I\000n\000t\000r\000o\000d\000u\000c\000c\000i\000\363\000n\000\040\000a\000\040\000l\000a\000\040\000I\000n\000t\000e\000g\000r\000a\000c\000i\000\363\000n\000\040\000d\000e\000\040\000D\000a\000t\000o\000s\000\040\000C\000l\000\355\000n\000i\000c\000o\000s\000\040\000e\000n\000\040\000u\000n\000\040\000D\000a\000t\000a\000\040\000W\000a\000r\000e\000h\000o\000u\000s\000e}{}% 1
\BOOKMARK [1][-]{section.2}{\376\377\000F\000u\000n\000d\000a\000m\000e\000n\000t\000o\000s\000\040\000y\000\040\000C\000o\000n\000c\000e\000p\000t\000o\000s\000\040\000C\000l\000a\000v\000e\000\040\000d\000e\000\040\000l\000o\000s\000\040\000D\000a\000t\000a\000\040\000W\000a\000r\000e\000h\000o\000u\000s\000e\000s\000\040\000e\000n\000\040\000e\000l\000\040\000\301\000m\000b\000i\000t\000o\000\040\000C\000l\000\355\000n\000i\000c\000o}{}% 2
\BOOKMARK [2][-]{subsection.2.1}{\376\377\000F\000a\000s\000e\000s\000\040\000d\000e\000l\000\040\000F\000l\000u\000j\000o\000\040\000d\000e\000\040\000D\000a\000t\000o\000s\000\040\000e\000n\000\040\000u\000n\000\040\000C\000l\000i\000n\000i\000c\000a\000l\000\040\000D\000a\000t\000a\000\040\000W\000a\000r\000e\000h\000o\000u\000s\000e\000\040\000\050\000C\000D\000W\000\051}{section.2}% 3
\BOOKMARK [1][-]{section.3}{\376\377\000E\000s\000t\000\341\000n\000d\000a\000r\000e\000s\000\040\000d\000e\000\040\000I\000n\000t\000e\000r\000o\000p\000e\000r\000a\000b\000i\000l\000i\000d\000a\000d\000\040\000e\000n\000\040\000D\000a\000t\000o\000s\000\040\000C\000l\000\355\000n\000i\000c\000o\000s}{}% 4
\BOOKMARK [2][-]{subsection.3.1}{\376\377\000E\000s\000t\000\341\000n\000d\000a\000r\000e\000s\000\040\000d\000e\000\040\000m\000e\000n\000s\000a\000j\000e\000r\000\355\000a\000\040\000y\000\040\000e\000s\000t\000r\000u\000c\000t\000u\000r\000a\000\040\000d\000e\000\040\000d\000a\000t\000o\000s\000:}{section.3}% 5
\BOOKMARK [3][-]{subsubsection.3.1.1}{\376\377\000H\000L\0007\000\040\000\050\000H\000e\000a\000l\000t\000h\000\040\000L\000e\000v\000e\000l\000\040\0007\000\051}{subsection.3.1}% 6
\BOOKMARK [3][-]{subsubsection.3.1.2}{\376\377\000F\000H\000I\000R\000\040\000\050\000F\000a\000s\000t\000\040\000H\000e\000a\000l\000t\000h\000c\000a\000r\000e\000\040\000I\000n\000t\000e\000r\000o\000p\000e\000r\000a\000b\000i\000l\000i\000t\000y\000\040\000R\000e\000s\000o\000u\000r\000c\000e\000s\000\051}{subsection.3.1}% 7
\BOOKMARK [2][-]{subsection.3.2}{\376\377\000E\000s\000t\000\341\000n\000d\000a\000r\000e\000s\000\040\000d\000e\000\040\000c\000o\000d\000i\000f\000i\000c\000a\000c\000i\000\363\000n\000\040\000d\000e\000\040\000t\000\351\000r\000m\000i\000n\000o\000s\000:}{section.3}% 8
\BOOKMARK [3][-]{subsubsection.3.2.1}{\376\377\000S\000N\000O\000M\000E\000D\000\040\000C\000T}{subsection.3.2}% 9
\BOOKMARK [3][-]{subsubsection.3.2.2}{\376\377\000L\000O\000I\000N\000C}{subsection.3.2}% 10
\BOOKMARK [1][-]{section.4}{\376\377\000A\000r\000q\000u\000i\000t\000e\000c\000t\000u\000r\000a\000\040\000d\000e\000l\000\040\000D\000a\000t\000a\000\040\000W\000a\000r\000e\000h\000o\000u\000s\000e\000\040\000C\000l\000\355\000n\000i\000c\000o}{}% 11
\BOOKMARK [2][-]{subsection.4.1}{\376\377\000C\000a\000p\000a\000s\000\040\000d\000e\000\040\000l\000a\000\040\000A\000r\000q\000u\000i\000t\000e\000c\000t\000u\000r\000a\000\040\000d\000e\000l\000\040\000D\000a\000t\000a\000\040\000W\000a\000r\000e\000h\000o\000u\000s\000e}{section.4}% 12
\BOOKMARK [1][-]{section.5}{\376\377\000P\000r\000o\000c\000e\000s\000o\000\040\000E\000T\000L\000\040\000p\000a\000r\000a\000\040\000l\000a\000\040\000I\000n\000t\000e\000g\000r\000a\000c\000i\000\363\000n\000\040\000d\000e\000\040\000D\000a\000t\000o\000s\000\040\000C\000l\000\355\000n\000i\000c\000o\000s}{}% 13
\BOOKMARK [2][-]{subsection.5.1}{\376\377\000E\000x\000t\000r\000a\000c\000c\000i\000\363\000n}{section.5}% 14
\BOOKMARK [2][-]{subsection.5.2}{\376\377\000T\000r\000a\000n\000s\000f\000o\000r\000m\000a\000c\000i\000\363\000n}{section.5}% 15
\BOOKMARK [2][-]{subsection.5.3}{\376\377\000C\000a\000r\000g\000a}{section.5}% 16
\BOOKMARK [1][-]{section.6}{\376\377\000B\000e\000n\000e\000f\000i\000c\000i\000o\000s\000\040\000d\000e\000\040\000l\000a\000\040\000I\000n\000t\000e\000g\000r\000a\000c\000i\000\363\000n\000\040\000d\000e\000\040\000E\000s\000t\000\341\000n\000d\000a\000r\000e\000s\000\040\000D\000a\000t\000o\000s\000\040\000C\000l\000\355\000n\000i\000c\000o\000s}{}% 17
\BOOKMARK [1][-]{section.7}{\376\377\000R\000e\000l\000a\000c\000i\000\363\000n\000\040\000c\000o\000n\000\040\000e\000l\000\040\000C\000u\000r\000s\000o\000\040\000d\000e\000\040\000A\000l\000m\000a\000c\000e\000n\000e\000s\000\040\000d\000e\000\040\000D\000a\000t\000o\000s}{}% 18
\BOOKMARK [1][-]{section.8}{\376\377\000E\000j\000e\000m\000p\000l\000o\000s\000-\000D\000e\000m\000o\000\040\000d\000e\000\040\000U\000s\000o\000\040\000d\000e\000\040\000I\000n\000t\000e\000g\000r\000a\000c\000i\000\363\000n\000\040\000d\000e\000\040\000D\000a\000t\000o\000s\000\040\000C\000l\000\355\000n\000i\000c\000o\000s\000\040\000c\000o\000n\000\040\000E\000s\000t\000\341\000n\000d\000a\000r\000e\000s}{}% 19
\BOOKMARK [2][-]{subsection.8.1}{\376\377\000E\000j\000e\000m\000p\000l\000o\000\040\000c\000o\000n\000\040\000e\000s\000t\000\341\000n\000d\000a\000r\000\040\000F\000H\000I\000R\000:}{section.8}% 20
\BOOKMARK [3][-]{subsubsection.8.1.1}{\376\377\000E\000x\000t\000r\000a\000c\000c\000i\000\363\000n\000\040\000y\000\040\000T\000r\000a\000n\000s\000f\000o\000r\000m\000a\000c\000i\000\363\000n}{subsection.8.1}% 21
\BOOKMARK [3][-]{subsubsection.8.1.2}{\376\377\000C\000a\000r\000g\000a}{subsection.8.1}% 22
\BOOKMARK [2][-]{subsection.8.2}{\376\377\000E\000j\000e\000m\000p\000l\000o\000\040\000c\000o\000n\000\040\000e\000s\000t\000\341\000n\000d\000a\000r\000\040\000H\000L\0007\000:}{section.8}% 23
\BOOKMARK [3][-]{subsubsection.8.2.1}{\376\377\000F\000a\000s\000e\000\040\000d\000e\000\040\000e\000x\000t\000r\000a\000c\000c\000i\000\363\000n\000\040\000y\000\040\000t\000r\000a\000n\000s\000f\000o\000r\000m\000a\000c\000i\000\363\000n}{subsection.8.2}% 24
\BOOKMARK [3][-]{subsubsection.8.2.2}{\376\377\000T\000r\000a\000n\000s\000f\000o\000r\000m\000e\000r\000\040\000H\000L\0007\000:}{subsection.8.2}% 25
\BOOKMARK [3][-]{subsubsection.8.2.3}{\376\377\000C\000a\000r\000g\000a}{subsection.8.2}% 26
\BOOKMARK [1][-]{section.9}{\376\377\000C\000o\000n\000c\000l\000u\000s\000i\000o\000n\000e\000s\000\040\000y\000\040\000P\000e\000r\000s\000p\000e\000c\000t\000i\000v\000a\000s\000\040\000F\000u\000t\000u\000r\000a\000s\000\040\000e\000n\000\040\000l\000a\000\040\000I\000n\000t\000e\000g\000r\000a\000c\000i\000\363\000n\000\040\000d\000e\000\040\000D\000a\000t\000o\000s\000\040\000C\000l\000\355\000n\000i\000c\000o\000s\000\040\000y\000\040\000r\000e\000f\000e\000r\000e\000n\000c\000i\000a\000s}{}% 27
